<?xml version="1.0" encoding="utf-8"?><testsuites name="pytest tests"><testsuite name="pytest" errors="0" failures="0" skipped="0" tests="12" time="5.705" timestamp="2026-07-01T09:17:19.198605+00:00" hostname="agent-env-edf863ad-3c99-4d08-8b44-388cb86f5105"><testcase classname="backend.tests.test_natkhat_api" name="test_portals" time="0.356" /><testcase classname="backend.tests.test_natkhat_api" name="test_otp_send" time="0.047" /><testcase classname="backend.tests.test_natkhat_api" name="test_otp_verify_first_time" time="0.045" /><testcase classname="backend.tests.test_natkhat_api" name="test_otp_verify_invalid" time="0.044" /><testcase classname="backend.tests.test_natkhat_api" name="test_create_child" time="0.043" /><testcase classname="backend.tests.test_natkhat_api" name="test_get_child_has_level_info" time="0.044" /><testcase classname="backend.tests.test_natkhat_api" name="test_seen_intro" time="0.125" /><testcase classname="backend.tests.test_natkhat_api" name="test_leo_positive" time="4.623" /><testcase classname="backend.tests.test_natkhat_api" name="test_leo_safety" time="0.045" /><testcase classname="backend.tests.test_natkhat_api" name="test_session_log_xp" time="0.089" /><testcase classname="backend.tests.test_natkhat_api" name="test_payment_verify_unlocks_all" time="0.043" /><testcase classname="backend.tests.test_natkhat_api" name="test_dashboard" time="0.128" /></testsuite></testsuites>